
> mission-control-dashboard@0.1.0 dev
> next dev

   ▲ Next.js 14.0.0
   - Local:        http://localhost:3000

 ✓ Ready in 1728ms
 ✓ Compiled /api/agents/route in 258ms (32 modules)
 ○ Compiling /page ...
 ✓ Compiled /page in 3.8s (506 modules)
 ✓ Compiled in 357ms (254 modules)
 ○ Compiling /activity/page ...
 ✓ Compiled /activity/page in 910ms (507 modules)
 ✓ Compiled /api/activity/route in 81ms (281 modules)
✓ Database initialized
 ✓ Compiled /api/agents/route in 134ms (265 modules)
 ✓ Compiled /api/activity/route in 117ms (267 modules)
✓ Database initialized
 ✓ Compiled in 79ms (268 modules)
✓ Database initialized
 ✓ Compiled in 148ms (268 modules)
[DB] Connected to /home/alb/.openclaw/workspace/mission-control/mission-control.db
 ✓ Compiled /api/agents/route in 105ms (265 modules)
 ✓ Compiled in 350ms (265 modules)
 ⚠ Fast Refresh had to perform a full reload due to a runtime error.
 ✓ Compiled /api/activity/route in 115ms (266 modules)
[DB] Initializing: /home/alb/.openclaw/workspace/mission-control/mission-control.db
[DB] Initializing: /home/alb/.openclaw/workspace/mission-control/mission-control.db
 ✓ Compiled in 150ms (265 modules)
 ⚠ Fast Refresh had to perform a full reload due to a runtime error.
[DB] Initializing: /home/alb/.openclaw/workspace/mission-control/mission-control.db
[DB] Initializing: /home/alb/.openclaw/workspace/mission-control/mission-control.db
 ✓ Compiled /api/agents/route in 188ms (265 modules)
 ✓ Compiled /api/activity/route in 53ms (269 modules)
[DB] Initializing: /home/alb/.openclaw/workspace/mission-control/mission-control.db
[DB] Initializing: /home/alb/.openclaw/workspace/mission-control/mission-control.db
 ✓ Compiled /page in 278ms (256 modules)
 ✓ Compiled /api/activity/route in 79ms (280 modules)
[DB] Initializing: /home/alb/.openclaw/workspace/mission-control/mission-control.db
[DB] Initializing: /home/alb/.openclaw/workspace/mission-control/mission-control.db
[DB] Initializing: /home/alb/.openclaw/workspace/mission-control/mission-control.db
[DB] Initializing: /home/alb/.openclaw/workspace/mission-control/mission-control.db
[DB] Initializing: /home/alb/.openclaw/workspace/mission-control/mission-control.db
[DB] Initializing: /home/alb/.openclaw/workspace/mission-control/mission-control.db
[DB] Initializing: /home/alb/.openclaw/workspace/mission-control/mission-control.db
[DB] Initializing: /home/alb/.openclaw/workspace/mission-control/mission-control.db
 ⚠ Found a change in next.config.js. Restarting the server to apply the changes...
   ▲ Next.js 14.0.0
   - Local:        http://localhost:3000

 ✓ Ready in 1960ms
 ○ Compiling /projects/page ...
 ✓ Compiled /projects/page in 3.6s (519 modules)
 ✓ Compiled in 343ms (266 modules)
 ✓ Compiled /api/agents/route in 415ms (519 modules)
 ✓ Compiled /page in 419ms (496 modules)
 ✓ Compiled /activity/page in 207ms (519 modules)
 ✓ Compiled /not-found in 389ms (523 modules)
 ✓ Compiled /agents/page in 288ms (533 modules)
 ✓ Compiled /api/agents/route in 111ms (32 modules)
 ✓ Compiled /agents/page in 325ms (238 modules)
 ✓ Compiled /not-found in 144ms (510 modules)
 ✓ Compiled /page in 113ms (254 modules)
 ✓ Compiled /activity/page in 73ms (264 modules)
 ✓ Compiled /api/agents/route in 146ms (287 modules)
 ✓ Compiled in 522ms (281 modules)
 ✓ Compiled in 223ms (281 modules)
 ✓ Compiled in 454ms (281 modules)
 ✓ Compiled in 204ms (281 modules)
 ✓ Compiled in 182ms (282 modules)
 ✓ Compiled in 148ms (282 modules)
 ✓ Compiled in 118ms (282 modules)
 ✓ Compiled /projects/page in 289ms (245 modules)
 ✓ Compiled /not-found in 147ms (518 modules)
 ✓ Compiled /api/seed/route in 110ms (273 modules)
[DB] Runtime - initializing: /home/alb/.openclaw/workspace/mission-control/mission-control.db
 ✓ Compiled /api/projects/route in 125ms (283 modules)
[DB] Connecting to: /home/alb/.openclaw/workspace/mission-control/mission-control.db
 ✓ Compiled in 313ms (282 modules)
 ✓ Compiled in 486ms (282 modules)
 ✓ Compiled /api/agents/route in 115ms (32 modules)
 ✓ Compiled in 273ms (282 modules)
 ✓ Compiled in 519ms (282 modules)
 ✓ Compiled /api/agents/route in 77ms (32 modules)
 ✓ Compiled in 192ms (282 modules)
 ✓ Compiled in 112ms (300 modules)
 ✓ Compiled in 190ms (282 modules)
 ⨯ ./src/app/projects/page.tsx
Error: 
  [31mx[0m Expression expected
    ,-[[36;1;4m/home/alb/.openclaw/workspace/mission-control/src/app/projects/page.tsx[0m:55:1]
 [2m55[0m |     }
 [2m56[0m |   }, [loading, projects]);
 [2m57[0m | 
 [2m58[0m |               </button>
    : [31;1m               ^[0m
 [2m59[0m |             </div>
 [2m60[0m |           </div>
 [2m61[0m |         </div>
    `----

  [31mx[0m Expression expected
    ,-[[36;1;4m/home/alb/.openclaw/workspace/mission-control/src/app/projects/page.tsx[0m:55:1]
 [2m55[0m |     }
 [2m56[0m |   }, [loading, projects]);
 [2m57[0m | 
 [2m58[0m |               </button>
    : [31;1m                ^^^^^^[0m
 [2m59[0m |             </div>
 [2m60[0m |           </div>
 [2m61[0m |         </div>
    `----

Caused by:
    Syntax Error

Import trace for requested module:
./src/app/projects/page.tsx
 ✓ Compiled in 522ms (282 modules)
 ⨯ ./src/app/projects/page.tsx
Error: 
  [31mx[0m Unexpected token `div`. Expected jsx identifier
     ,-[[36;1;4m/home/alb/.openclaw/workspace/mission-control/src/app/projects/page.tsx[0m:131:1]
 [2m131[0m |   }
 [2m132[0m | 
 [2m133[0m |   return (
 [2m134[0m |     <div className="min-h-screen bg-gray-50">
     : [31;1m     ^^^[0m
 [2m135[0m |       <Toaster position="top-right" />
 [2m136[0m |       
 [2m137[0m |       {/* Header */}
     `----

Caused by:
    Syntax Error

Import trace for requested module:
./src/app/projects/page.tsx
 ✓ Compiled in 149ms (282 modules)
 ✓ Compiled in 144ms (282 modules)
 ✓ Compiled in 180ms (282 modules)
 ✓ Compiled in 160ms (282 modules)
 ✓ Compiled in 136ms (282 modules)
 ✓ Compiled in 129ms (282 modules)
 ✓ Compiled in 120ms (282 modules)
 ✓ Compiled in 336ms (283 modules)
 ✓ Compiled in 121ms (283 modules)
 ✓ Compiled in 149ms (278 modules)
 ✓ Compiled in 258ms (285 modules)
 ✓ Compiled in 206ms (285 modules)
 ✓ Compiled in 218ms (285 modules)
 ✓ Compiled in 370ms (279 modules)
 ✓ Compiled in 171ms (279 modules)
 ✓ Compiled in 151ms (279 modules)
 ⨯ Module not found: Error: Can't resolve 'next-flight-client-entry-loader' in '/home/alb/.openclaw/workspace/mission-control'
